<?xml version="1.0" encoding="UTF-8"?>
<!-- Generated by org.testng.reporters.JUnitReportReporter -->
<testsuite skipped="0" hostname="DESKTOP-DUJK5EL" name="ncs.demo.testcases.DataEntryTest" tests="1" failures="0" timestamp="2020-07-25T21:35:09 SGT" time="15.137" errors="0">
  <testcase name="dataEntryTest" time="15.137" classname="ncs.demo.testcases.DataEntryTest"/>
  <system-out/>
</testsuite> <!-- ncs.demo.testcases.DataEntryTest -->
