<?xml version="1.0" encoding="UTF-8"?>
<!-- Generated by org.testng.reporters.JUnitReportReporter -->
<testsuite skipped="0" hostname="DESKTOP-DUJK5EL" name="ncs.demo.testcases.DataEntryTest" tests="1" failures="0" timestamp="2020-07-29T13:53:55 SGT" time="5.471" errors="0">
  <testcase name="dataEntryTest" time="5.471" classname="ncs.demo.testcases.DataEntryTest"/>
  <system-out/>
</testsuite> <!-- ncs.demo.testcases.DataEntryTest -->
